2026-05-25 20:04:29,219 [WARNING] knowing_eye.ai.adapter: Falling back to stub analyzer (pipeline_playground not loadable): No module named 'yaml'
2026-05-25 20:04:36,606 [WARNING] django.request: Forbidden: /api/monitoring/frame/
2026-05-25 20:06:54,397 [INFO] knowing_eye.ai.adapter: Loaded pipeline_playground BehaviorPipeline.
2026-05-25 20:08:21,894 [INFO] knowing_eye.ai.adapter: Loaded pipeline_playground BehaviorPipeline.
2026-05-25 20:08:28,984 [WARNING] django.request: Forbidden: /api/monitoring/frame/
2026-05-25 20:41:22,660 [INFO] knowing_eye.ai.adapter: Loaded pipeline_playground BehaviorPipeline.
2026-05-25 20:41:29,043 [WARNING] django.request: Forbidden: /api/monitoring/frame/
2026-05-25 21:35:51,475 [INFO] knowing_eye.ai.adapter: Loaded pipeline_playground BehaviorPipeline.
2026-05-25 21:35:57,224 [WARNING] django.request: Forbidden: /api/monitoring/frame/
2026-05-25 21:39:10,369 [INFO] knowing_eye.ai.adapter: Loaded pipeline_playground BehaviorPipeline.
2026-05-25 21:39:16,343 [WARNING] django.request: Forbidden: /api/monitoring/frame/
2026-05-25 21:43:31,799 [INFO] knowing_eye.ai.adapter: Loaded pipeline_playground BehaviorPipeline.
2026-05-25 21:43:38,633 [WARNING] django.request: Forbidden: /api/monitoring/frame/
2026-05-25 21:44:14,491 [ERROR] django.security.DisallowedHost: Invalid HTTP_HOST header: 'testserver'. You may need to add 'testserver' to ALLOWED_HOSTS.
Traceback (most recent call last):
  File "C:\Users\Twixt\Desktop\_\Files\Side Hobbies\Root\project-KnowingEye\backend\venv\Lib\site-packages\django\core\handlers\exception.py", line 55, in inner
    response = get_response(request)
               ^^^^^^^^^^^^^^^^^^^^^
  File "C:\Users\Twixt\Desktop\_\Files\Side Hobbies\Root\project-KnowingEye\backend\venv\Lib\site-packages\django\utils\deprecation.py", line 308, in __call__
    response = self.process_request(request)
               ^^^^^^^^^^^^^^^^^^^^^^^^^^^^^
  File "C:\Users\Twixt\Desktop\_\Files\Side Hobbies\Root\project-KnowingEye\backend\venv\Lib\site-packages\django\middleware\common.py", line 48, in process_request
    host = request.get_host()
           ^^^^^^^^^^^^^^^^^^
  File "C:\Users\Twixt\Desktop\_\Files\Side Hobbies\Root\project-KnowingEye\backend\venv\Lib\site-packages\django\http\request.py", line 205, in get_host
    raise DisallowedHost(msg)
django.core.exceptions.DisallowedHost: Invalid HTTP_HOST header: 'testserver'. You may need to add 'testserver' to ALLOWED_HOSTS.
2026-05-25 21:44:27,729 [ERROR] django.security.DisallowedHost: Invalid HTTP_HOST header: 'testserver'. You may need to add 'testserver' to ALLOWED_HOSTS.
Traceback (most recent call last):
  File "C:\Users\Twixt\Desktop\_\Files\Side Hobbies\Root\project-KnowingEye\backend\venv\Lib\site-packages\django\core\handlers\exception.py", line 55, in inner
    response = get_response(request)
               ^^^^^^^^^^^^^^^^^^^^^
  File "C:\Users\Twixt\Desktop\_\Files\Side Hobbies\Root\project-KnowingEye\backend\venv\Lib\site-packages\django\utils\deprecation.py", line 308, in __call__
    response = self.process_request(request)
               ^^^^^^^^^^^^^^^^^^^^^^^^^^^^^
  File "C:\Users\Twixt\Desktop\_\Files\Side Hobbies\Root\project-KnowingEye\backend\venv\Lib\site-packages\django\middleware\common.py", line 48, in process_request
    host = request.get_host()
           ^^^^^^^^^^^^^^^^^^
  File "C:\Users\Twixt\Desktop\_\Files\Side Hobbies\Root\project-KnowingEye\backend\venv\Lib\site-packages\django\http\request.py", line 205, in get_host
    raise DisallowedHost(msg)
django.core.exceptions.DisallowedHost: Invalid HTTP_HOST header: 'testserver'. You may need to add 'testserver' to ALLOWED_HOSTS.
2026-05-26 09:32:41,451 [INFO] knowing_eye.ai.adapter: Loaded pipeline_playground BehaviorPipeline.
2026-05-26 09:32:48,091 [WARNING] django.request: Forbidden: /api/monitoring/frame/
2026-05-26 12:26:32,078 [INFO] daphne.cli: Starting server at tcp:port=8000:interface=127.0.0.1
2026-05-26 12:26:32,078 [INFO] daphne.server: HTTP/2 support not enabled (install the http2 and tls Twisted extras)
2026-05-26 12:26:32,078 [INFO] daphne.server: Configuring endpoint tcp:port=8000:interface=127.0.0.1
2026-05-26 12:26:32,078 [INFO] daphne.server: Listening on TCP address 127.0.0.1:8000
2026-05-26 12:26:37,764 [INFO] knowing_eye.ai.adapter: Loaded pipeline_playground BehaviorPipeline.
2026-05-26 12:59:07,985 [INFO] daphne.cli: Starting server at tcp:port=8000:interface=127.0.0.1
2026-05-26 12:59:07,992 [INFO] daphne.server: HTTP/2 support not enabled (install the http2 and tls Twisted extras)
2026-05-26 12:59:07,993 [INFO] daphne.server: Configuring endpoint tcp:port=8000:interface=127.0.0.1
2026-05-26 12:59:07,998 [INFO] daphne.server: Listening on TCP address 127.0.0.1:8000
2026-05-26 13:00:45,293 [ERROR] django.request: Internal Server Error: /api/monitoring/health/
Traceback (most recent call last):
  File "C:\Users\Twixt\Desktop\_\Files\Side Hobbies\Root\project-KnowingEye\backend\venv\Lib\site-packages\asgiref\sync.py", line 557, in thread_handler
    raise exc_info[1]
  File "C:\Users\Twixt\Desktop\_\Files\Side Hobbies\Root\project-KnowingEye\backend\venv\Lib\site-packages\django\core\handlers\exception.py", line 42, in inner
    response = await get_response(request)
               ^^^^^^^^^^^^^^^^^^^^^^^^^^^
  File "C:\Users\Twixt\Desktop\_\Files\Side Hobbies\Root\project-KnowingEye\backend\venv\Lib\site-packages\django\core\handlers\base.py", line 236, in _get_response_async
    callback, callback_args, callback_kwargs = self.resolve_request(request)
                                               ^^^^^^^^^^^^^^^^^^^^^^^^^^^^^
  File "C:\Users\Twixt\Desktop\_\Files\Side Hobbies\Root\project-KnowingEye\backend\venv\Lib\site-packages\django\core\handlers\base.py", line 314, in resolve_request
    resolver_match = resolver.resolve(request.path_info)
                     ^^^^^^^^^^^^^^^^^^^^^^^^^^^^^^^^^^^
  File "C:\Users\Twixt\Desktop\_\Files\Side Hobbies\Root\project-KnowingEye\backend\venv\Lib\site-packages\django\urls\resolvers.py", line 676, in resolve
    for pattern in self.url_patterns:
                   ^^^^^^^^^^^^^^^^^
  File "C:\Users\Twixt\Desktop\_\Files\Side Hobbies\Root\project-KnowingEye\backend\venv\Lib\site-packages\django\utils\functional.py", line 47, in __get__
    res = instance.__dict__[self.name] = self.func(instance)
                                         ^^^^^^^^^^^^^^^^^^^
  File "C:\Users\Twixt\Desktop\_\Files\Side Hobbies\Root\project-KnowingEye\backend\venv\Lib\site-packages\django\urls\resolvers.py", line 729, in url_patterns
    patterns = getattr(self.urlconf_module, "urlpatterns", self.urlconf_module)
                       ^^^^^^^^^^^^^^^^^^^
  File "C:\Users\Twixt\Desktop\_\Files\Side Hobbies\Root\project-KnowingEye\backend\venv\Lib\site-packages\django\utils\functional.py", line 47, in __get__
    res = instance.__dict__[self.name] = self.func(instance)
                                         ^^^^^^^^^^^^^^^^^^^
  File "C:\Users\Twixt\Desktop\_\Files\Side Hobbies\Root\project-KnowingEye\backend\venv\Lib\site-packages\django\urls\resolvers.py", line 722, in urlconf_module
    return import_module(self.urlconf_name)
           ^^^^^^^^^^^^^^^^^^^^^^^^^^^^^^^^
  File "C:\Users\Twixt\AppData\Local\Programs\Python\Python312\Lib\importlib\__init__.py", line 90, in import_module
    return _bootstrap._gcd_import(name[level:], package, level)
           ^^^^^^^^^^^^^^^^^^^^^^^^^^^^^^^^^^^^^^^^^^^^^^^^^^^^
  File "<frozen importlib._bootstrap>", line 1387, in _gcd_import
  File "<frozen importlib._bootstrap>", line 1360, in _find_and_load
  File "<frozen importlib._bootstrap>", line 1331, in _find_and_load_unlocked
  File "<frozen importlib._bootstrap>", line 935, in _load_unlocked
  File "<frozen importlib._bootstrap_external>", line 995, in exec_module
  File "<frozen importlib._bootstrap>", line 488, in _call_with_frames_removed
  File "C:\Users\Twixt\Desktop\_\Files\Side Hobbies\Root\project-KnowingEye\backend\core\config\urls.py", line 26, in <module>
    path("api/auth/", include("features.authentication.urls")),
                      ^^^^^^^^^^^^^^^^^^^^^^^^^^^^^^^^^^^^^^^
  File "C:\Users\Twixt\Desktop\_\Files\Side Hobbies\Root\project-KnowingEye\backend\venv\Lib\site-packages\django\urls\conf.py", line 39, in include
    urlconf_module = import_module(urlconf_module)
                     ^^^^^^^^^^^^^^^^^^^^^^^^^^^^^
  File "C:\Users\Twixt\AppData\Local\Programs\Python\Python312\Lib\importlib\__init__.py", line 90, in import_module
    return _bootstrap._gcd_import(name[level:], package, level)
           ^^^^^^^^^^^^^^^^^^^^^^^^^^^^^^^^^^^^^^^^^^^^^^^^^^^^
  File "<frozen importlib._bootstrap>", line 1387, in _gcd_import
  File "<frozen importlib._bootstrap>", line 1360, in _find_and_load
  File "<frozen importlib._bootstrap>", line 1331, in _find_and_load_unlocked
  File "<frozen importlib._bootstrap>", line 935, in _load_unlocked
  File "<frozen importlib._bootstrap_external>", line 995, in exec_module
  File "<frozen importlib._bootstrap>", line 488, in _call_with_frames_removed
  File "C:\Users\Twixt\Desktop\_\Files\Side Hobbies\Root\project-KnowingEye\backend\features\authentication\urls.py", line 2, in <module>
    from rest_framework.routers import DefaultRouter
  File "C:\Users\Twixt\Desktop\_\Files\Side Hobbies\Root\project-KnowingEye\backend\venv\Lib\site-packages\rest_framework\routers.py", line 22, in <module>
    from rest_framework import views
  File "C:\Users\Twixt\Desktop\_\Files\Side Hobbies\Root\project-KnowingEye\backend\venv\Lib\site-packages\rest_framework\views.py", line 17, in <module>
    from rest_framework.response import Response
  File "C:\Users\Twixt\Desktop\_\Files\Side Hobbies\Root\project-KnowingEye\backend\venv\Lib\site-packages\rest_framework\response.py", line 11, in <module>
    from rest_framework.serializers import Serializer
  File "C:\Users\Twixt\Desktop\_\Files\Side Hobbies\Root\project-KnowingEye\backend\venv\Lib\site-packages\rest_framework\serializers.py", line 29, in <module>
    from rest_framework.compat import (
  File "C:\Users\Twixt\Desktop\_\Files\Side Hobbies\Root\project-KnowingEye\backend\venv\Lib\site-packages\rest_framework\compat.py", line 21, in <module>
    from django.contrib.postgres import fields as postgres_fields
  File "C:\Users\Twixt\Desktop\_\Files\Side Hobbies\Root\project-KnowingEye\backend\venv\Lib\site-packages\django\contrib\postgres\fields\__init__.py", line 1, in <module>
    from .array import *  # NOQA
    ^^^^^^^^^^^^^^^^^^^^
  File "C:\Users\Twixt\Desktop\_\Files\Side Hobbies\Root\project-KnowingEye\backend\venv\Lib\site-packages\django\contrib\postgres\fields\array.py", line 3, in <module>
    from django.contrib.postgres import lookups
  File "C:\Users\Twixt\Desktop\_\Files\Side Hobbies\Root\project-KnowingEye\backend\venv\Lib\site-packages\django\contrib\postgres\lookups.py", line 5, in <module>
    from .search import SearchVector, SearchVectorExact, SearchVectorField
  File "C:\Users\Twixt\Desktop\_\Files\Side Hobbies\Root\project-KnowingEye\backend\venv\Lib\site-packages\django\contrib\postgres\search.py", line 1, in <module>
    from django.db.backends.postgresql.psycopg_any import is_psycopg3
  File "<frozen importlib._bootstrap>", line 1360, in _find_and_load
  File "<frozen importlib._bootstrap>", line 1322, in _find_and_load_unlocked
  File "<frozen importlib._bootstrap>", line 1262, in _find_spec
  File "<frozen importlib._bootstrap_external>", line 1528, in find_spec
  File "<frozen importlib._bootstrap_external>", line 1502, in _get_spec
  File "<frozen importlib._bootstrap_external>", line 1621, in find_spec
  File "<frozen importlib._bootstrap_external>", line 1590, in _get_spec
  File "<frozen importlib._bootstrap_external>", line 828, in spec_from_file_location
  File "<frozen importlib._bootstrap_external>", line 187, in _path_abspath
MemoryError
2026-05-26 19:14:08,470 [INFO] knowing_eye.ai.adapter: Loaded pipeline_playground BehaviorPipeline.
2026-05-26 19:42:50,945 [INFO] daphne.cli: Starting server at tcp:port=8000:interface=127.0.0.1
2026-05-26 19:42:50,946 [INFO] daphne.server: HTTP/2 support not enabled (install the http2 and tls Twisted extras)
2026-05-26 19:42:50,947 [INFO] daphne.server: Configuring endpoint tcp:port=8000:interface=127.0.0.1
2026-05-26 19:42:50,948 [INFO] daphne.server: Listening on TCP address 127.0.0.1:8000
2026-05-26 19:42:56,348 [INFO] knowing_eye.ai.adapter: Loaded pipeline_playground BehaviorPipeline.
2026-05-26 19:43:45,549 [WARNING] django.request: Bad Request: /api/auth/token/
2026-05-26 19:45:47,270 [WARNING] django.request: Bad Request: /api/auth/token/
2026-05-26 19:45:47,346 [WARNING] django.request: Bad Request: /api/auth/register/
2026-05-26 19:46:35,612 [WARNING] django.request: Bad Request: /api/sessions/start/
2026-05-26 20:42:58,068 [INFO] daphne.cli: Starting server at tcp:port=8000:interface=127.0.0.1
2026-05-26 20:42:58,069 [INFO] daphne.server: HTTP/2 support not enabled (install the http2 and tls Twisted extras)
2026-05-26 20:42:58,070 [INFO] daphne.server: Configuring endpoint tcp:port=8000:interface=127.0.0.1
2026-05-26 20:42:58,072 [INFO] daphne.server: Listening on TCP address 127.0.0.1:8000
2026-05-26 20:44:58,052 [WARNING] django.request: Bad Request: /api/sessions/start/
2026-05-26 20:45:02,964 [WARNING] django.request: Bad Request: /api/sessions/start/
2026-05-26 20:45:14,333 [INFO] daphne.server: Killed 0 pending application instances
2026-05-26 20:45:47,346 [INFO] daphne.cli: Starting server at tcp:port=8000:interface=127.0.0.1
2026-05-26 20:45:47,348 [INFO] daphne.server: HTTP/2 support not enabled (install the http2 and tls Twisted extras)
2026-05-26 20:45:47,348 [INFO] daphne.server: Configuring endpoint tcp:port=8000:interface=127.0.0.1
2026-05-26 20:45:47,349 [INFO] daphne.server: Listening on TCP address 127.0.0.1:8000
2026-05-26 20:45:52,447 [WARNING] django.request: Bad Request: /api/sessions/start/
2026-05-26 20:47:16,106 [ERROR] django.security.DisallowedHost: Invalid HTTP_HOST header: 'testserver'. You may need to add 'testserver' to ALLOWED_HOSTS.
Traceback (most recent call last):
  File "C:\Users\Twixt\Desktop\_\Files\Side Hobbies\Root\project-KnowingEye\backend\venv\Lib\site-packages\django\core\handlers\exception.py", line 55, in inner
    response = get_response(request)
               ^^^^^^^^^^^^^^^^^^^^^
  File "C:\Users\Twixt\Desktop\_\Files\Side Hobbies\Root\project-KnowingEye\backend\venv\Lib\site-packages\django\utils\deprecation.py", line 308, in __call__
    response = self.process_request(request)
               ^^^^^^^^^^^^^^^^^^^^^^^^^^^^^
  File "C:\Users\Twixt\Desktop\_\Files\Side Hobbies\Root\project-KnowingEye\backend\venv\Lib\site-packages\django\middleware\common.py", line 48, in process_request
    host = request.get_host()
           ^^^^^^^^^^^^^^^^^^
  File "C:\Users\Twixt\Desktop\_\Files\Side Hobbies\Root\project-KnowingEye\backend\venv\Lib\site-packages\django\http\request.py", line 205, in get_host
    raise DisallowedHost(msg)
django.core.exceptions.DisallowedHost: Invalid HTTP_HOST header: 'testserver'. You may need to add 'testserver' to ALLOWED_HOSTS.
2026-05-26 20:47:16,144 [ERROR] django.security.DisallowedHost: Invalid HTTP_HOST header: 'testserver'. You may need to add 'testserver' to ALLOWED_HOSTS.
Traceback (most recent call last):
  File "C:\Users\Twixt\Desktop\_\Files\Side Hobbies\Root\project-KnowingEye\backend\venv\Lib\site-packages\django\core\handlers\exception.py", line 55, in inner
    response = get_response(request)
               ^^^^^^^^^^^^^^^^^^^^^
  File "C:\Users\Twixt\Desktop\_\Files\Side Hobbies\Root\project-KnowingEye\backend\venv\Lib\site-packages\django\utils\deprecation.py", line 308, in __call__
    response = self.process_request(request)
               ^^^^^^^^^^^^^^^^^^^^^^^^^^^^^
  File "C:\Users\Twixt\Desktop\_\Files\Side Hobbies\Root\project-KnowingEye\backend\venv\Lib\site-packages\django\middleware\common.py", line 48, in process_request
    host = request.get_host()
           ^^^^^^^^^^^^^^^^^^
  File "C:\Users\Twixt\Desktop\_\Files\Side Hobbies\Root\project-KnowingEye\backend\venv\Lib\site-packages\django\http\request.py", line 205, in get_host
    raise DisallowedHost(msg)
django.core.exceptions.DisallowedHost: Invalid HTTP_HOST header: 'testserver'. You may need to add 'testserver' to ALLOWED_HOSTS.
2026-05-26 20:47:16,178 [ERROR] django.security.DisallowedHost: Invalid HTTP_HOST header: 'testserver'. You may need to add 'testserver' to ALLOWED_HOSTS.
Traceback (most recent call last):
  File "C:\Users\Twixt\Desktop\_\Files\Side Hobbies\Root\project-KnowingEye\backend\venv\Lib\site-packages\django\core\handlers\exception.py", line 55, in inner
    response = get_response(request)
               ^^^^^^^^^^^^^^^^^^^^^
  File "C:\Users\Twixt\Desktop\_\Files\Side Hobbies\Root\project-KnowingEye\backend\venv\Lib\site-packages\django\utils\deprecation.py", line 308, in __call__
    response = self.process_request(request)
               ^^^^^^^^^^^^^^^^^^^^^^^^^^^^^
  File "C:\Users\Twixt\Desktop\_\Files\Side Hobbies\Root\project-KnowingEye\backend\venv\Lib\site-packages\django\middleware\common.py", line 48, in process_request
    host = request.get_host()
           ^^^^^^^^^^^^^^^^^^
  File "C:\Users\Twixt\Desktop\_\Files\Side Hobbies\Root\project-KnowingEye\backend\venv\Lib\site-packages\django\http\request.py", line 205, in get_host
    raise DisallowedHost(msg)
django.core.exceptions.DisallowedHost: Invalid HTTP_HOST header: 'testserver'. You may need to add 'testserver' to ALLOWED_HOSTS.
2026-05-26 20:47:31,178 [WARNING] django.request: Bad Request: /api/sessions/start/
2026-05-26 20:57:00,993 [WARNING] django.request: Bad Request: /api/sessions/start/
2026-05-26 21:01:22,589 [WARNING] django.request: Bad Request: /api/sessions/start/
